Arguments: 
  C:\Program Files\nodejs\v14.15.0\node.exe C:\Program Files (x86)\Yarn\bin\yarn.js add -D @types/reverse-mustache

PATH: 
  C:\Program Files (x86)\Common Files\Intel\Shared Libraries\redist\intel64\compiler;C:\Program Files\ImageMagick-7.0.10-Q16-HDRI;C:\Python27\;C:\WINDOWS\system32;C:\WINDOWS;C:\WINDOWS\System32\Wbem;C:\WINDOWS\System32\WindowsPowerShell\v1.0\;C:\WINDOWS\System32\OpenSSH\;C:\Program Files\Git\cmd;C:\ProgramData\chocolatey\bin;C:\Program Files\Java\jdk1.8.0_211\bin;C:\Program Files (x86)\Yarn\bin\;C:\tools\php74;C:\ProgramData\ComposerSetup\bin;C:\Program Files\Microsoft VS Code\bin;C:\Program Files\Amazon\AWSCLIV2\;C:\nvm;C:\Users\ProBook\.nvm;C:\Users\ProBook\AppData\Local\Microsoft\WindowsApps;C:\Users\ProBook\AppData\Local\Android\Sdk\platform-tools;C:\Users\ProBook\AppData\Local\Programs\Microsoft VS Code\bin;C:\Users\ProBook\AppData\Local\Yarn\bin;C:\Program Files\heroku\bin;C:\Users\ProBook\AppData\Local\Android\Sdk\tools;D:\documents\programas\scryp;C:\Program Files\nodejs\v14.15.0;C:\Program Files\nodejs;C:\Program Files\dotnet\;C:\Users\ProBook\AppData\Local\Microsoft\WindowsApps;C:\Users\ProBook\AppData\Local\Android\Sdk\platform-tools;C:\Users\ProBook\AppData\Local\Programs\Microsoft VS Code\bin;C:\Users\ProBook\AppData\Local\Yarn\bin;C:\Users\ProBook\AppData\Roaming\Composer\vendor\bin;C:\Program Files\heroku\bin;C:\Users\ProBook\AppData\Local\Android\Sdk\tools;C:\Program Files\node-v14.15.0;D:\documents\programas\scryp;

Yarn version: 
  1.22.5

Node version: 
  14.15.0

Platform: 
  win32 x64

Trace: 
  Error: https://registry.yarnpkg.com/@types%2freverse-mustache: Not found
      at Request.params.callback [as _callback] (C:\Program Files (x86)\Yarn\lib\cli.js:66097:18)
      at Request.self.callback (C:\Program Files (x86)\Yarn\lib\cli.js:140749:22)
      at Request.emit (events.js:315:20)
      at Request.<anonymous> (C:\Program Files (x86)\Yarn\lib\cli.js:141721:10)
      at Request.emit (events.js:315:20)
      at IncomingMessage.<anonymous> (C:\Program Files (x86)\Yarn\lib\cli.js:141643:12)
      at Object.onceWrapper (events.js:421:28)
      at IncomingMessage.emit (events.js:327:22)
      at endReadableNT (_stream_readable.js:1327:12)
      at processTicksAndRejections (internal/process/task_queues.js:80:21)

npm manifest: 
  {
    "name": "objection-next-generator",
    "type": "module",
    "version": "1.0.0",
    "main": "index.js",
    "author": "lrlineroa",
    "license": "MIT",
    "private": false,
    "devDependencies": {
      "@types/node": "^16.11.10",
      "mustache": "^4.2.0",
      "reverse-mustache": "^1.9.0",
      "typescript": "^4.5.2"
    },
    "dependencies": {
      "lodash": "^4.17.21",
      "moment": "^2.29.1",
      "pluralize": "^8.0.0"
    }
  }

yarn manifest: 
  No manifest

Lockfile: 
  # THIS IS AN AUTOGENERATED FILE. DO NOT EDIT THIS FILE DIRECTLY.
  # yarn lockfile v1
  
  
  "@types/node@^16.11.10":
    version "16.11.10"
    resolved "https://registry.yarnpkg.com/@types/node/-/node-16.11.10.tgz#2e3ad0a680d96367103d3e670d41c2fed3da61ae"
    integrity sha512-3aRnHa1KlOEEhJ6+CvyHKK5vE9BcLGjtUpwvqYLRvYNQKMfabu3BwfJaA/SLW8dxe28LsNDjtHwePTuzn3gmOA==
  
  clone@~0.1.11:
    version "0.1.19"
    resolved "https://registry.yarnpkg.com/clone/-/clone-0.1.19.tgz#613fb68639b26a494ac53253e15b1a6bd88ada85"
    integrity sha1-YT+2hjmyaklKxTJT4Vsaa9iK2oU=
  
  lodash@^4.17.21:
    version "4.17.21"
    resolved "https://registry.yarnpkg.com/lodash/-/lodash-4.17.21.tgz#679591c564c3bffaae8454cf0b3df370c3d6911c"
    integrity sha512-v2kDEe57lecTulaDIuNTPy3Ry4gLGJ6Z1O3vE1krgXZNrsQ+LFTGHVxVjcXPs17LhbZVGedAJv8XZ1tvj5FvSg==
  
  moment@^2.29.1:
    version "2.29.1"
    resolved "https://registry.yarnpkg.com/moment/-/moment-2.29.1.tgz#b2be769fa31940be9eeea6469c075e35006fa3d3"
    integrity sha512-kHmoybcPV8Sqy59DwNDY3Jefr64lK/by/da0ViFcuA4DH0vQg5Q6Ze5VimxkfQNSC+Mls/Kx53s7TjP1RhFEDQ==
  
  mustache@^4.2.0:
    version "4.2.0"
    resolved "https://registry.yarnpkg.com/mustache/-/mustache-4.2.0.tgz#e5892324d60a12ec9c2a73359edca52972bf6f64"
    integrity sha512-71ippSywq5Yb7/tVYyGbkBggbU8H3u5Rz56fH60jGFgr8uHwxs+aSKeqmluIVzM0m0kB7xQjKS6qPfd0b2ZoqQ==
  
  mustache@~2.3.0:
    version "2.3.2"
    resolved "https://registry.yarnpkg.com/mustache/-/mustache-2.3.2.tgz#a6d4d9c3f91d13359ab889a812954f9230a3d0c5"
    integrity sha512-KpMNwdQsYz3O/SBS1qJ/o3sqUJ5wSb8gb0pul8CO0S56b9Y2ALm8zCfsjPXsqGFfoNBkDwZuZIAjhsZI03gYVQ==
  
  pathval@~0.1.1:
    version "0.1.1"
    resolved "https://registry.yarnpkg.com/pathval/-/pathval-0.1.1.tgz#08f911cdca9cce5942880da7817bc0b723b66d82"
    integrity sha1-CPkRzcqczllCiA2ngXvAtyO2bYI=
  
  pluralize@^8.0.0:
    version "8.0.0"
    resolved "https://registry.yarnpkg.com/pluralize/-/pluralize-8.0.0.tgz#1a6fa16a38d12a1901e0320fa017051c539ce3b1"
    integrity sha512-Nc3IT5yHzflTfbjgqWcCPpo7DaKy4FnpB0l/zCAW0Tc7jxAiuqSxHasntB3D7887LSrA93kDJ9IXovxJYxyLCA==
  
  reverse-mustache@^1.9.0:
    version "1.9.0"
    resolved "https://registry.yarnpkg.com/reverse-mustache/-/reverse-mustache-1.9.0.tgz#6d1c29f2cb0f5d31796af9380750a51ebb502306"
    integrity sha1-bRwp8ssPXTF5avk4B1ClHrtQIwY=
    dependencies:
      clone "~0.1.11"
      mustache "~2.3.0"
      pathval "~0.1.1"
  
  typescript@^4.5.2:
    version "4.5.2"
    resolved "https://registry.yarnpkg.com/typescript/-/typescript-4.5.2.tgz#8ac1fba9f52256fdb06fb89e4122fa6a346c2998"
    integrity sha512-5BlMof9H1yGt0P8/WF+wPNw6GfctgGjXp5hkblpyT+8rkASSmkUKMXrxR0Xg8ThVCi/JnHQiKXeBaEwCeQwMFw==
